<?xml version="1.0" encoding="UTF-8"?>
<!-- Generated by org.testng.reporters.JUnitXMLReporter -->
<testsuite hostname="USRIRILP00162" name="Test" tests="2" failures="0" timestamp="9 Feb 2016 03:59:37 GMT" time="0.164" errors="0">
  <testcase name="@BeforeTest openBrowser" time="0.0" classname="testingPackage.loginGetvalues">
    <failure type="java.lang.IllegalStateException" message="The driver executable does not exist: C:\Users\rj0844\Documents\chromedriver.exe">
      <![CDATA[java.lang.IllegalStateException: The driver executable does not exist: C:\Users\rj0844\Documents\chromedriver.exe
	at com.google.common.base.Preconditions.checkState(Preconditions.java:197)
	at org.openqa.selenium.remote.service.DriverService.checkExecutable(DriverService.java:121)
	at org.openqa.selenium.remote.service.DriverService.findExecutable(DriverService.java:116)
	at org.openqa.selenium.chrome.ChromeDriverService.access$0(ChromeDriverService.java:1)
	at org.openqa.selenium.chrome.ChromeDriverService$Builder.findDefaultExecutable(ChromeDriverService.java:137)
	at org.openqa.selenium.remote.service.DriverService$Builder.build(DriverService.java:290)
	at org.openqa.selenium.chrome.ChromeDriverService.createDefaultService(ChromeDriverService.java:88)
	at org.openqa.selenium.chrome.ChromeDriver.<init>(ChromeDriver.java:116)
	at testingPackage.loginGetvalues.openBrowser(loginGetvalues.java:35)
... Removed 22 stack frames]]>
    </failure>
  </testcase> <!-- @BeforeTest openBrowser -->
  <testcase name="@BeforeMethod launchBrowser" time="0.0" classname="testingPackage.createAccount">
    <skipped/>
  </testcase> <!-- @BeforeMethod launchBrowser -->
  <testcase name="@AfterMethod closeBrowser" time="0.0" classname="testingPackage.createAccount">
    <skipped/>
  </testcase> <!-- @AfterMethod closeBrowser -->
  <testcase name="@AfterTest closeBrowser" time="0.0" classname="testingPackage.loginGetvalues">
    <skipped/>
  </testcase> <!-- @AfterTest closeBrowser -->
  <testcase name="account" time="0.0" classname="testingPackage.createAccount">
    <skipped/>
  </testcase> <!-- account -->
  <testcase name="loginTest" time="0.0" classname="testingPackage.loginGetvalues">
    <skipped/>
  </testcase> <!-- loginTest -->
</testsuite> <!-- Test -->
